2025-03-15 18:26:00,210 - INFO - 成功连接到Berachain WebSocket
2025-03-15 18:26:00,552 - INFO - 开始监听事件 BlockRewardProcessed
2025-03-15 18:26:01,999 - ERROR - 处理事件时出错: 'min_value'
2025-03-15 18:26:04,052 - ERROR - 处理事件时出错: 'min_value'
2025-03-15 18:26:04,053 - ERROR - 处理事件时出错: 'min_value'
2025-03-15 18:26:06,243 - INFO - 接收到信号 2，准备关闭...
2025-03-15 18:26:07,524 - INFO - 程序已终止
2025-03-15 18:26:47,809 - INFO - 成功连接到Berachain WebSocket
2025-03-15 18:26:48,142 - INFO - 开始监听事件 BlockRewardProcessed
2025-03-15 18:26:52,052 - INFO - 接收到新事件: {
  "address": "0x1ae7dd7ae06f6c58b4524d9c1f816094b1bccd8e",
  "block_number": 2368357,
  "transaction_hash": "0xb6fa92698e7da4471b049bfc9cdd1978c0ef951dd8eaec2a4631cdb9ccecbacf",
  "topics": [
    "0x71458adf598dc170bd3c4161d44819d254109dd7958425c0fb21acc26d6ca69c",
    "0x6b445ae600aff5c50403318485012783d9d04cd8c1ec9591998868220520857b"
  ],
  "data": "0x0000000000000000000000000000000000000000000000000000000067d555e500000000000000000000000000000000000000000000000006f05b59d3b200000000000000000000000000000000000000000000000000002a1a0483af491b8a",
  "timestamp": "2025-03-15T18:26:52.050404"
}
2025-03-15 18:27:31,431 - INFO - 接收到新事件: {
  "address": "0x1ae7dd7ae06f6c58b4524d9c1f816094b1bccd8e",
  "block_number": 2368377,
  "transaction_hash": "0x75703a7218449967da97c07a606ef806feaa0750d26e55742e93c3faa99e7d2f",
  "topics": [
    "0x71458adf598dc170bd3c4161d44819d254109dd7958425c0fb21acc26d6ca69c",
    "0x6b445ae600aff5c50403318485012783d9d04cd8c1ec9591998868220520857b"
  ],
  "data": "0x0000000000000000000000000000000000000000000000000000000067d5560c00000000000000000000000000000000000000000000000006f05b59d3b200000000000000000000000000000000000000000000000000002a1a0483af491b8a",
  "timestamp": "2025-03-15T18:27:31.429680"
}
2025-03-15 18:28:06,057 - INFO - 接收到新事件: {
  "address": "0x1ae7dd7ae06f6c58b4524d9c1f816094b1bccd8e",
  "block_number": 2368395,
  "transaction_hash": "0x48bab2fb52e0768919adccb0cece25dde80c7b8fab5a56859a9c93cfe46bf12d",
  "topics": [
    "0x71458adf598dc170bd3c4161d44819d254109dd7958425c0fb21acc26d6ca69c",
    "0x6b445ae600aff5c50403318485012783d9d04cd8c1ec9591998868220520857b"
  ],
  "data": "0x0000000000000000000000000000000000000000000000000000000067d5562e00000000000000000000000000000000000000000000000006f05b59d3b200000000000000000000000000000000000000000000000000002a1a0483af491b8a",
  "timestamp": "2025-03-15T18:28:06.055051"
}
2025-03-15 18:28:41,686 - INFO - 接收到新事件: {
  "address": "0x1ae7dd7ae06f6c58b4524d9c1f816094b1bccd8e",
  "block_number": 2368413,
  "transaction_hash": "0x8ae952592f38d20c5419aeb9cce30a89594cff937cbc524cfa82c8e040e2e1e0",
  "topics": [
    "0x71458adf598dc170bd3c4161d44819d254109dd7958425c0fb21acc26d6ca69c",
    "0x6b445ae600aff5c50403318485012783d9d04cd8c1ec9591998868220520857b"
  ],
  "data": "0x0000000000000000000000000000000000000000000000000000000067d5565300000000000000000000000000000000000000000000000006f05b59d3b200000000000000000000000000000000000000000000000000002a1a0483af491b8a",
  "timestamp": "2025-03-15T18:28:41.684225"
}
2025-03-15 18:29:23,042 - INFO - 接收到新事件: {
  "address": "0x1ae7dd7ae06f6c58b4524d9c1f816094b1bccd8e",
  "block_number": 2368434,
  "transaction_hash": "0x7429947e2a94f2003df011e1dfd4af18a10eb5dc8fbda8de8f5a731f2edf8c5e",
  "topics": [
    "0x71458adf598dc170bd3c4161d44819d254109dd7958425c0fb21acc26d6ca69c",
    "0x6b445ae600aff5c50403318485012783d9d04cd8c1ec9591998868220520857b"
  ],
  "data": "0x0000000000000000000000000000000000000000000000000000000067d5567a00000000000000000000000000000000000000000000000006f05b59d3b200000000000000000000000000000000000000000000000000002a1a0483af491b8a",
  "timestamp": "2025-03-15T18:29:23.038268"
}
2025-03-15 18:29:58,676 - INFO - 接收到新事件: {
  "address": "0x1ae7dd7ae06f6c58b4524d9c1f816094b1bccd8e",
  "block_number": 2368452,
  "transaction_hash": "0xf017bdb4793811e337167b64c7148a43b4ff77a262ba0873636b5fb91354fdaf",
  "topics": [
    "0x71458adf598dc170bd3c4161d44819d254109dd7958425c0fb21acc26d6ca69c",
    "0x6b445ae600aff5c50403318485012783d9d04cd8c1ec9591998868220520857b"
  ],
  "data": "0x0000000000000000000000000000000000000000000000000000000067d5569e00000000000000000000000000000000000000000000000006f05b59d3b200000000000000000000000000000000000000000000000000002a1a0483af491b8a",
  "timestamp": "2025-03-15T18:29:58.673915"
}
2025-03-15 18:30:30,597 - INFO - 接收到新事件: {
  "address": "0x1ae7dd7ae06f6c58b4524d9c1f816094b1bccd8e",
  "block_number": 2368469,
  "transaction_hash": "0x38e3a911249fa27507850a54299a6c07e02c94edc6212e54798cf2180be698ca",
  "topics": [
    "0x71458adf598dc170bd3c4161d44819d254109dd7958425c0fb21acc26d6ca69c",
    "0x6b445ae600aff5c50403318485012783d9d04cd8c1ec9591998868220520857b"
  ],
  "data": "0x0000000000000000000000000000000000000000000000000000000067d556c000000000000000000000000000000000000000000000000006f05b59d3b200000000000000000000000000000000000000000000000000002a1a0483af491b8a",
  "timestamp": "2025-03-15T18:30:30.595711"
}
2025-03-15 18:31:08,019 - INFO - 接收到新事件: {
  "address": "0x1ae7dd7ae06f6c58b4524d9c1f816094b1bccd8e",
  "block_number": 2368488,
  "transaction_hash": "0x9027b800759b7c1db133a67f34d7bf991a9cc59d3f5a5389b657ce58e43dcbc2",
  "topics": [
    "0x71458adf598dc170bd3c4161d44819d254109dd7958425c0fb21acc26d6ca69c",
    "0x6b445ae600aff5c50403318485012783d9d04cd8c1ec9591998868220520857b"
  ],
  "data": "0x0000000000000000000000000000000000000000000000000000000067d556e600000000000000000000000000000000000000000000000006f05b59d3b200000000000000000000000000000000000000000000000000002a1a0483af491b8a",
  "timestamp": "2025-03-15T18:31:08.018321"
}
2025-03-15 18:31:40,405 - INFO - 接收到信号 2，准备关闭...
2025-03-15 18:31:41,706 - INFO - 程序已终止
